[2018-05-29 09:02:33,928] 18-ERROR-PickFrm                  [KeepAliveThread]-KeepAlive:Fatal error encountered during command execution.
[2018-05-29 09:03:07,125] 18-ERROR-PickFrm                  [KeepAliveThread]-KeepAlive:Fatal error encountered during command execution.
[2018-05-29 09:03:40,531] 18-ERROR-PickFrm                  [KeepAliveThread]-KeepAlive:Fatal error encountered during command execution.
[2018-05-29 09:04:13,704] 18-ERROR-PickFrm                  [KeepAliveThread]-KeepAlive:Fatal error encountered during command execution.
[2018-05-29 09:04:47,203] 18-ERROR-PickFrm                  [KeepAliveThread]-KeepAlive:Fatal error encountered during command execution.
[2018-05-29 09:05:20,404] 18-ERROR-PickFrm                  [KeepAliveThread]-KeepAlive:Fatal error encountered during command execution.
[2018-05-29 09:05:53,604] 18-ERROR-PickFrm                  [KeepAliveThread]-KeepAlive:Fatal error encountered during command execution.
[2018-05-29 09:06:26,726] 18-ERROR-PickFrm                  [KeepAliveThread]-KeepAlive:Fatal error encountered during command execution.
[2018-05-29 13:45:06,482] 16-ERROR-SelectionFrm             [LKHolder]-LinkHolderMaterial返回类型: 1, trsn=100800180525000044 已删除！
[2018-05-29 13:45:50,102] 16-ERROR-SelectionFrm             [LKHolder]-LinkHolderMaterial返回类型: 1, trsn=100800180525000043 已删除！
[2018-05-29 13:45:50,321] 16-ERROR-SelectionFrm             [LKHolder]-LinkHolderMaterial返回类型: 1, trsn=100800180525000045 已删除！
[2018-05-29 13:45:50,535] 16-ERROR-SelectionFrm             [LKHolder]-LinkHolderMaterial返回类型: 1, trsn=100800180525000060 已删除！
[2018-05-29 13:45:50,688] 16-ERROR-SelectionFrm             [LKHolder]-LinkHolderMaterial返回类型: 1, trsn=100800180525000049 已删除！
[2018-05-29 13:46:18,682] 16-ERROR-SelectionFrm             [LKHolder]-LinkHolderMaterial返回类型: 1, trsn=100800180525000048 已删除！
[2018-05-29 13:46:36,055] 16-ERROR-SelectionFrm             [LKHolder]-LinkHolderMaterial返回类型: 1, trsn=100800180525000051 已删除！
[2018-05-29 13:46:36,358] 16-ERROR-SelectionFrm             [LKHolder]-LinkHolderMaterial返回类型: 1, trsn=100800180525000050 已删除！
[2018-05-29 13:46:36,699] 16-ERROR-SelectionFrm             [LKHolder]-LinkHolderMaterial返回类型: 1, trsn=100800180525000053 已删除！
[2018-05-29 13:46:37,128] 16-ERROR-SelectionFrm             [LKHolder]-LinkHolderMaterial返回类型: 1, trsn=100800180525000052 已删除！
[2018-05-29 13:46:59,133] 16-ERROR-SelectionFrm             [LKHolder]-LinkHolderMaterial返回类型: 1, trsn=100800180525000055 已删除！
[2018-05-29 13:47:12,220] 16-ERROR-SelectionFrm             [LKHolder]-LinkHolderMaterial返回类型: 1, trsn=100800180525000054 已删除！
[2018-05-29 13:47:12,502] 16-ERROR-SelectionFrm             [LKHolder]-LinkHolderMaterial返回类型: 1, trsn=100800180525000059 已删除！
[2018-05-29 13:47:12,795] 16-ERROR-SelectionFrm             [LKHolder]-LinkHolderMaterial返回类型: 1, trsn=100800180525000058 已删除！
[2018-05-29 13:47:13,064] 16-ERROR-SelectionFrm             [LKHolder]-LinkHolderMaterial返回类型: 1, trsn=100800180525000015 已删除！
[2018-05-29 13:47:52,224] 16-ERROR-SelectionFrm             [LKHolder]-LinkHolderMaterial返回类型: 1, trsn=100800180525000008 已删除！
[2018-05-29 13:48:22,492] 16-ERROR-SelectionFrm             [LKHolder]-LinkHolderMaterial返回类型: 1, trsn=100800180525000007 已删除！
[2018-05-29 13:48:22,841] 16-ERROR-SelectionFrm             [LKHolder]-LinkHolderMaterial返回类型: 1, trsn=100800180525000006 已删除！
[2018-05-29 13:48:23,142] 16-ERROR-SelectionFrm             [LKHolder]-LinkHolderMaterial返回类型: 1, trsn=100800180525000005 已删除！
[2018-05-29 13:48:23,395] 16-ERROR-SelectionFrm             [LKHolder]-LinkHolderMaterial返回类型: 1, trsn=100800180525000003 已删除！
[2018-05-29 13:48:31,347] 16-ERROR-SelectionFrm             [LKHolder]-LinkHolderMaterial返回类型: 1, trsn=100800180525000004 已删除！
[2018-05-29 13:48:43,809] 16-ERROR-SelectionFrm             [LKHolder]-LinkHolderMaterial返回类型: 1, trsn=100800180525000002 已删除！
[2018-05-29 13:48:44,066] 16-ERROR-SelectionFrm             [LKHolder]-LinkHolderMaterial返回类型: 1, trsn=100800180525000001 已删除！
[2018-05-29 13:48:44,343] 16-ERROR-SelectionFrm             [LKHolder]-LinkHolderMaterial返回类型: 1, trsn=100800180525000047 已删除！
[2018-05-29 13:48:44,650] 16-ERROR-SelectionFrm             [LKHolder]-LinkHolderMaterial返回类型: 1, trsn=100800180525000046 已删除！
[2018-05-29 13:49:22,745] 16-ERROR-SelectionFrm             [LKHolder]-LinkHolderMaterial返回类型: 1, trsn=100800180525000057 已删除！
[2018-05-29 13:49:33,552] 16-ERROR-SelectionFrm             [LKHolder]-LinkHolderMaterial返回类型: 1, trsn=100800180525000056 已删除！
[2018-05-29 13:49:33,820] 16-ERROR-SelectionFrm             [LKHolder]-LinkHolderMaterial返回类型: 1, trsn=100800180525000066 已删除！
[2018-05-29 13:49:34,057] 16-ERROR-SelectionFrm             [LKHolder]-LinkHolderMaterial返回类型: 1, trsn=100800180525000065 已删除！
[2018-05-29 13:49:34,319] 16-ERROR-SelectionFrm             [LKHolder]-LinkHolderMaterial返回类型: 1, trsn=100800180525000062 已删除！
[2018-05-29 13:49:44,788] 16-ERROR-SelectionFrm             [LKHolder]-LinkHolderMaterial返回类型: 1, trsn=100800180525000061 已删除！
[2018-05-29 13:50:02,064] 16-ERROR-SelectionFrm             [LKHolder]-LinkHolderMaterial返回类型: 1, trsn=100800180525000064 已删除！
[2018-05-29 13:50:02,263] 16-ERROR-SelectionFrm             [LKHolder]-LinkHolderMaterial返回类型: 1, trsn=100800180525000063 已删除！
[2018-05-29 13:50:02,470] 16-ERROR-SelectionFrm             [LKHolder]-LinkHolderMaterial返回类型: 1, trsn=100800180525000067 已删除！
[2018-05-29 13:50:02,636] 16-ERROR-SelectionFrm             [LKHolder]-LinkHolderMaterial返回类型: 1, trsn=100800180525000017 已删除！
[2018-05-29 13:50:38,084] 16-ERROR-SelectionFrm             [LKHolder]-LinkHolderMaterial返回类型: 1, trsn=100800180525000027 已删除！
[2018-05-29 13:51:14,861] 16-ERROR-SelectionFrm             [LKHolder]-LinkHolderMaterial返回类型: 1, trsn=100800180525000024 已删除！
[2018-05-29 13:51:15,228] 16-ERROR-SelectionFrm             [LKHolder]-LinkHolderMaterial返回类型: 1, trsn=100800180525000025 已删除！
[2018-05-29 13:51:15,520] 16-ERROR-SelectionFrm             [LKHolder]-LinkHolderMaterial返回类型: 1, trsn=100800180525000022 已删除！
[2018-05-29 13:51:15,781] 16-ERROR-SelectionFrm             [LKHolder]-LinkHolderMaterial返回类型: 1, trsn=100800180525000023 已删除！
[2018-05-29 13:51:27,632] 16-ERROR-SelectionFrm             [LKHolder]-LinkHolderMaterial返回类型: 1, trsn=100800180525000038 已删除！
[2018-05-29 13:51:42,211] 16-ERROR-SelectionFrm             [LKHolder]-LinkHolderMaterial返回类型: 1, trsn=100800180525000037 已删除！
[2018-05-29 13:51:42,500] 16-ERROR-SelectionFrm             [LKHolder]-LinkHolderMaterial返回类型: 1, trsn=100800180525000034 已删除！
[2018-05-29 13:51:42,838] 16-ERROR-SelectionFrm             [LKHolder]-LinkHolderMaterial返回类型: 1, trsn=100800180525000033 已删除！
[2018-05-29 13:51:43,147] 16-ERROR-SelectionFrm             [LKHolder]-LinkHolderMaterial返回类型: 1, trsn=100800180525000032 已删除！
[2018-05-29 13:51:46,907] 16-ERROR-SelectionFrm             [LKHolder]-LinkHolderMaterial返回类型: 1, trsn=100800180525000031 已删除！
[2018-05-29 13:52:04,395] 16-ERROR-SelectionFrm             [LKHolder]-LinkHolderMaterial返回类型: 1, trsn=100800180525000012 已删除！
[2018-05-29 13:52:04,742] 16-ERROR-SelectionFrm             [LKHolder]-LinkHolderMaterial返回类型: 1, trsn=100800180525000011 已删除！
[2018-05-29 13:52:04,979] 16-ERROR-SelectionFrm             [LKHolder]-LinkHolderMaterial返回类型: 1, trsn=100800180525000010 已删除！
[2018-05-29 13:52:05,263] 16-ERROR-SelectionFrm             [LKHolder]-LinkHolderMaterial返回类型: 1, trsn=100800180525000009 已删除！
[2018-05-29 13:52:17,440] 16-ERROR-SelectionFrm             [LKHolder]-LinkHolderMaterial返回类型: -11, trsn=100800180525000036 未删除！
[2018-05-29 13:52:45,045] 16-ERROR-SelectionFrm             [LKHolder]-LinkHolderMaterial返回类型: -11, trsn=100800180525000035 未删除！
[2018-05-29 13:55:02,307] 16-ERROR-SelectionFrm             [LKHolder]-LinkHolderMaterial返回类型: 1, trsn=100800180525000036 已删除！
[2018-05-29 13:55:20,083] 16-ERROR-SelectionFrm             [LKHolder]-LinkHolderMaterial返回类型: 1, trsn=100800180525000035 已删除！
[2018-05-29 13:55:20,549] 16-ERROR-SelectionFrm             [LKHolder]-LinkHolderMaterial返回类型: 1, trsn=100800180525000014 已删除！
[2018-05-29 13:55:20,980] 16-ERROR-SelectionFrm             [LKHolder]-LinkHolderMaterial返回类型: 1, trsn=100800180525000013 已删除！
[2018-05-29 13:55:21,283] 16-ERROR-SelectionFrm             [LKHolder]-LinkHolderMaterial返回类型: 1, trsn=100800180525000026 已删除！
[2018-05-29 13:55:26,081] 16-ERROR-SelectionFrm             [LKHolder]-LinkHolderMaterial返回类型: 1, trsn=100800180525000029 已删除！
[2018-05-29 13:55:40,096] 16-ERROR-SelectionFrm             [LKHolder]-LinkHolderMaterial返回类型: 1, trsn=100800180525000028 已删除！
[2018-05-29 13:55:40,464] 16-ERROR-SelectionFrm             [LKHolder]-LinkHolderMaterial返回类型: 1, trsn=100800180525000030 已删除！
[2018-05-29 13:55:40,761] 16-ERROR-SelectionFrm             [LKHolder]-LinkHolderMaterial返回类型: 1, trsn=100800180525000016 已删除！
[2018-05-29 13:55:41,029] 16-ERROR-SelectionFrm             [LKHolder]-LinkHolderMaterial返回类型: 1, trsn=100800180525000019 已删除！
[2018-05-29 13:55:44,425] 16-ERROR-SelectionFrm             [LKHolder]-LinkHolderMaterial返回类型: 1, trsn=100800180525000018 已删除！
[2018-05-29 13:55:56,898] 16-ERROR-SelectionFrm             [LKHolder]-LinkHolderMaterial返回类型: 1, trsn=100800180525000021 已删除！
[2018-05-29 13:55:57,143] 16-ERROR-SelectionFrm             [LKHolder]-LinkHolderMaterial返回类型: 1, trsn=100800180525000020 已删除！
[2018-05-29 13:55:57,412] 16-ERROR-SelectionFrm             [LKHolder]-LinkHolderMaterial返回类型: 1, trsn=100800180526000042 已删除！
[2018-05-29 13:55:57,656] 16-ERROR-SelectionFrm             [LKHolder]-LinkHolderMaterial返回类型: 3, trsn=100800180525000041 已删除！
[2018-06-05 14:42:09,899] 14-ERROR-SelectionFrm             [LKHolder]-LinkHolderMaterial返回类型: 1, trsn=S182300000131 已删除！
[2018-06-05 14:42:59,902] 14-ERROR-SelectionFrm             [LKHolder]-LinkHolderMaterial返回类型: 1, trsn=S182300000145 已删除！
[2018-06-05 14:43:00,141] 14-ERROR-SelectionFrm             [LKHolder]-LinkHolderMaterial返回类型: 1, trsn=S182300000143 已删除！
[2018-06-05 14:43:00,398] 14-ERROR-SelectionFrm             [LKHolder]-LinkHolderMaterial返回类型: 1, trsn=S182300000142 已删除！
[2018-06-05 14:43:00,640] 14-ERROR-SelectionFrm             [LKHolder]-LinkHolderMaterial返回类型: 1, trsn=S182300000141 已删除！
[2018-06-05 14:43:00,962] 14-ERROR-SelectionFrm             [LKHolder]-LinkHolderMaterial返回类型: 1, trsn=S182300000139 已删除！
[2018-06-05 14:43:01,237] 14-ERROR-SelectionFrm             [LKHolder]-LinkHolderMaterial返回类型: 1, trsn=S182300000137 已删除！
[2018-06-05 14:43:01,476] 14-ERROR-SelectionFrm             [LKHolder]-LinkHolderMaterial返回类型: 1, trsn=S182300000136 已删除！
[2018-06-05 14:43:01,744] 14-ERROR-SelectionFrm             [LKHolder]-LinkHolderMaterial返回类型: 2, trsn=S182300000132 已删除！
[2018-06-05 14:43:16,628] 14-ERROR-SelectionFrm             [LKHolder]-LinkHolderMaterial返回类型: 2, trsn=S182300000129 已删除！
[2018-06-05 14:43:46,296] 14-ERROR-SelectionFrm             [LKHolder]-LinkHolderMaterial返回类型: 2, trsn=S182300000126 已删除！
[2018-06-05 14:43:57,453] 14-ERROR-SelectionFrm             [LKHolder]-LinkHolderMaterial返回类型: 2, trsn=S182300000127 已删除！
[2018-06-05 14:44:05,633] 14-ERROR-SelectionFrm             [LKHolder]-LinkHolderMaterial返回类型: 3, trsn=S182300000128 已删除！
[2018-06-05 15:26:16,557] 9 -ERROR-SelectionFrm             [LKHolder]-LinkHolderMaterial返回类型: 0, trsn=1806020000130 未删除！
[2018-06-05 15:27:28,626] 9 -ERROR-SelectionFrm             [LKHolder]-LinkHolderMaterial返回类型: 1, trsn=1806020000130 已删除！
[2018-06-05 15:27:45,303] 9 -ERROR-SelectionFrm             [LKHolder]-LinkHolderMaterial返回类型: 1, trsn=1806020000131 已删除！
[2018-06-05 15:27:45,576] 9 -ERROR-SelectionFrm             [LKHolder]-LinkHolderMaterial返回类型: 1, trsn=1806020000132 已删除！
[2018-06-05 15:27:45,927] 9 -ERROR-SelectionFrm             [LKHolder]-LinkHolderMaterial返回类型: 1, trsn=1806020000133 已删除！
[2018-06-05 15:27:58,665] 9 -ERROR-SelectionFrm             [LKHolder]-LinkHolderMaterial返回类型: 1, trsn=1806020000134 已删除！
[2018-06-05 15:28:44,674] 9 -ERROR-SelectionFrm             [LKHolder]-LinkHolderMaterial返回类型: 1, trsn=1806020000135 已删除！
[2018-06-05 15:28:45,019] 9 -ERROR-SelectionFrm             [LKHolder]-LinkHolderMaterial返回类型: 1, trsn=1806020000136 已删除！
[2018-06-05 15:28:45,373] 9 -ERROR-SelectionFrm             [LKHolder]-LinkHolderMaterial返回类型: 1, trsn=1806020000139 已删除！
[2018-06-05 15:28:45,702] 9 -ERROR-SelectionFrm             [LKHolder]-LinkHolderMaterial返回类型: 1, trsn=1806020000128 已删除！
[2018-06-05 15:28:45,971] 9 -ERROR-SelectionFrm             [LKHolder]-LinkHolderMaterial返回类型: 1, trsn=1806020000137 已删除！
[2018-06-05 15:28:46,245] 9 -ERROR-SelectionFrm             [LKHolder]-LinkHolderMaterial返回类型: 1, trsn=1806020000138 已删除！
[2018-06-05 15:28:46,521] 9 -ERROR-SelectionFrm             [LKHolder]-LinkHolderMaterial返回类型: 1, trsn=1806020000123 已删除！
[2018-06-05 15:28:46,782] 9 -ERROR-SelectionFrm             [LKHolder]-LinkHolderMaterial返回类型: 1, trsn=1806020000124 已删除！
[2018-06-05 15:28:52,587] 9 -ERROR-SelectionFrm             [LKHolder]-LinkHolderMaterial返回类型: 1, trsn=1806020000125 已删除！
[2018-06-05 15:29:07,101] 9 -ERROR-SelectionFrm             [LKHolder]-LinkHolderMaterial返回类型: 1, trsn=1806020000126 已删除！
[2018-06-05 15:29:07,369] 9 -ERROR-SelectionFrm             [LKHolder]-LinkHolderMaterial返回类型: 1, trsn=1806020000127 已删除！
[2018-06-05 15:29:07,640] 9 -ERROR-SelectionFrm             [LKHolder]-LinkHolderMaterial返回类型: 3, trsn=1806020000129 已删除！
[2018-06-05 16:23:54,753] 15-ERROR-SelectionFrm             [LKHolder]-LinkHolderMaterial返回类型: 2, trsn=S182200002327 已删除！
[2018-06-05 16:24:01,245] 15-ERROR-SelectionFrm             [LKHolder]-LinkHolderMaterial返回类型: 2, trsn=S182200002322 已删除！
[2018-06-05 16:24:05,718] 15-ERROR-SelectionFrm             [LKHolder]-LinkHolderMaterial返回类型: 2, trsn=S182200002313 已删除！
[2018-06-05 16:24:09,644] 15-ERROR-SelectionFrm             [LKHolder]-LinkHolderMaterial返回类型: 2, trsn=S182200002326 已删除！
[2018-06-05 16:24:13,157] 15-ERROR-SelectionFrm             [LKHolder]-LinkHolderMaterial返回类型: 2, trsn=S182200002310 已删除！
[2018-06-05 16:24:22,284] 15-ERROR-SelectionFrm             [LKHolder]-LinkHolderMaterial返回类型: 2, trsn=S182200002315 已删除！
[2018-06-05 16:24:38,451] 15-ERROR-SelectionFrm             [LKHolder]-LinkHolderMaterial返回类型: 2, trsn=S182200002320 已删除！
[2018-06-05 16:24:41,967] 15-ERROR-SelectionFrm             [LKHolder]-LinkHolderMaterial返回类型: 2, trsn=S182200002307 已删除！
[2018-06-05 16:24:46,985] 15-ERROR-SelectionFrm             [LKHolder]-LinkHolderMaterial返回类型: 2, trsn=S182200002318 已删除！
[2018-06-05 16:24:49,623] 15-ERROR-SelectionFrm             [LKHolder]-LinkHolderMaterial返回类型: 3, trsn=S182200002317 已删除！
[2018-06-20 15:48:53,545] 7 -ERROR-PickFrm                  [CreatePickTask]-CreatePickTask：Could not find specified column in results
[2018-06-20 16:38:36,813] 17-ERROR-PickFrm                  [PartialPickMaterial]-CompletePartialPickByTrSn返回：0
[2018-06-20 16:39:39,393] 17-ERROR-PickFrm                  [PartialPickMaterial]-CompletePartialPickByTrSn返回：0
[2018-06-20 16:39:47,242] 17-ERROR-PickFrm                  [PartialPickMaterial]-CompletePartialPickByTrSn返回：0
[2018-06-20 16:40:27,790] 17-ERROR-PickFrm                  [PartialPickMaterial]-CompletePartialPickByTrSn返回：3
[2018-06-20 17:11:11,628] 16-ERROR-PickFrm                  [PartialPickMaterial]-CompletePartialPickByTrSn返回：0
[2018-06-20 17:12:06,172] 16-ERROR-PickFrm                  [PartialPickMaterial]-CompletePartialPickByTrSn返回：0
[2018-06-20 17:14:12,090] 16-ERROR-PickFrm                  [PartialPickMaterial]-CompletePartialPickByTrSn返回：0
[2018-06-20 17:14:27,743] 16-ERROR-PickFrm                  [PartialPickMaterial]-CompletePartialPickByTrSn返回：0
[2018-06-20 17:14:35,898] 16-ERROR-PickFrm                  [PartialPickMaterial]-CompletePartialPickByTrSn返回：0
[2018-06-20 17:14:57,275] 16-ERROR-PickFrm                  [PartialPickMaterial]-CompletePartialPickByTrSn返回：0
[2018-06-20 17:15:07,178] 16-ERROR-PickFrm                  [PartialPickMaterial]-CompletePartialPickByTrSn返回：0
[2018-06-20 17:15:15,033] 16-ERROR-PickFrm                  [PartialPickMaterial]-CompletePartialPickByTrSn返回：0
[2018-06-20 17:16:33,863] 16-ERROR-PickFrm                  [PartialPickMaterial]-CompletePartialPickByTrSn返回：0
[2018-06-20 17:16:57,101] 16-ERROR-PickFrm                  [PartialPickMaterialAllOut]-CompletePartialPickByLocId返回：0
[2018-06-20 17:19:22,528] 16-ERROR-PickFrm                  [PartialPickMaterial]-CompletePartialPickByTrSn返回：0
[2018-06-20 17:20:22,436] 16-ERROR-PickFrm                  [PartialPickMaterial]-CompletePartialPickByTrSn返回：0
[2018-06-20 17:20:30,558] 16-ERROR-PickFrm                  [PartialPickMaterial]-CompletePartialPickByTrSn返回：0
[2018-06-20 17:20:45,377] 16-ERROR-PickFrm                  [PartialPickMaterial]-CompletePartialPickByTrSn返回：0
[2018-06-20 17:21:01,038] 16-ERROR-PickFrm                  [PartialPickMaterial]-CompletePartialPickByTrSn返回：-1
[2018-06-20 17:21:10,178] 16-ERROR-PickFrm                  [PartialPickMaterial]-CompletePartialPickByTrSn返回：0
[2018-06-20 17:21:14,232] 16-ERROR-PickFrm                  [PartialPickMaterial]-CompletePartialPickByTrSn返回：0
[2018-06-20 17:21:16,536] 16-ERROR-PickFrm                  [PartialPickMaterial]-CompletePartialPickByTrSn返回：0
[2018-06-20 17:21:18,343] 16-ERROR-PickFrm                  [PartialPickMaterial]-CompletePartialPickByTrSn返回：0
[2018-06-20 17:21:20,110] 16-ERROR-PickFrm                  [PartialPickMaterial]-CompletePartialPickByTrSn返回：0
[2018-06-20 17:21:23,154] 16-ERROR-PickFrm                  [PartialPickMaterial]-CompletePartialPickByTrSn返回：0
[2018-06-20 17:23:32,109] 16-ERROR-PickFrm                  [PartialPickMaterial]-CompletePartialPickByTrSn返回：3
